# JRE version: Java(TM) SE Runtime Environment (7.0_67-b01) (build 1.7.0_67-b01)
# Java VM: Java HotSpot(TM) Server VM (24.65-b04 mixed mode linux-x86 )
Heap
 PSYoungGen      total 19456K, used 14181K [0x9dfc0000, 0x9f540000, 0xb3540000)
  eden space 16896K, 71% used [0x9dfc0000,0x9eb82120,0x9f040000)
  from space 2560K, 83% used [0x9f2c0000,0x9f4d7690,0x9f540000)
  to   space 2560K, 0% used [0x9f040000,0x9f040000,0x9f2c0000)
 ParOldGen       total 43520K, used 8K [0x73540000, 0x75fc0000, 0x9dfc0000)
  object space 43520K, 0% used [0x73540000,0x73542000,0x75fc0000)
 PSPermGen       total 16384K, used 5496K [0x63540000, 0x64540000, 0x73540000)
  object space 16384K, 33% used [0x63540000,0x63a9e240,0x64540000)
GC Heap History (4 events):
Event: 0.517 GC heap before
{Heap before GC invocations=1 (full 0):
 PSYoungGen      total 19456K, used 16896K [0x9dfc0000, 0x9f540000, 0xb3540000)
  eden space 16896K, 100% used [0x9dfc0000,0x9f040000,0x9f040000)
  from space 2560K, 0% used [0x9f2c0000,0x9f2c0000,0x9f540000)
  to   space 2560K, 0% used [0x9f040000,0x9f040000,0x9f2c0000)
 ParOldGen       total 43520K, used 0K [0x73540000, 0x75fc0000, 0x9dfc0000)
  object space 43520K, 0% used [0x73540000,0x73540000,0x75fc0000)
 PSPermGen       total 16384K, used 2554K [0x63540000, 0x64540000, 0x73540000)
  object space 16384K, 15% used [0x63540000,0x637beaa0,0x64540000)
Event: 0.521 GC heap after
Heap after GC invocations=1 (full 0):
 PSYoungGen      total 19456K, used 1893K [0x9dfc0000, 0x9f540000, 0xb3540000)
  eden space 16896K, 0% used [0x9dfc0000,0x9dfc0000,0x9f040000)
  from space 2560K, 73% used [0x9f040000,0x9f219558,0x9f2c0000)
  to   space 2560K, 0% used [0x9f2c0000,0x9f2c0000,0x9f540000)
 ParOldGen       total 43520K, used 4K [0x73540000, 0x75fc0000, 0x9dfc0000)
  object space 43520K, 0% used [0x73540000,0x73541000,0x75fc0000)
 PSPermGen       total 16384K, used 2554K [0x63540000, 0x64540000, 0x73540000)
  object space 16384K, 15% used [0x63540000,0x637beaa0,0x64540000)
}
Event: 0.919 GC heap before
{Heap before GC invocations=2 (full 0):
 PSYoungGen      total 19456K, used 18789K [0x9dfc0000, 0x9f540000, 0xb3540000)
  eden space 16896K, 100% used [0x9dfc0000,0x9f040000,0x9f040000)
  from space 2560K, 73% used [0x9f040000,0x9f219558,0x9f2c0000)
  to   space 2560K, 0% used [0x9f2c0000,0x9f2c0000,0x9f540000)
 ParOldGen       total 43520K, used 4K [0x73540000, 0x75fc0000, 0x9dfc0000)
  object space 43520K, 0% used [0x73540000,0x73541000,0x75fc0000)
 PSPermGen       total 16384K, used 4964K [0x63540000, 0x64540000, 0x73540000)
  object space 16384K, 30% used [0x63540000,0x63a190c0,0x64540000)
Event: 0.923 GC heap after
Heap after GC invocations=2 (full 0):
 PSYoungGen      total 19456K, used 2141K [0x9dfc0000, 0x9f540000, 0xb3540000)
  eden space 16896K, 0% used [0x9dfc0000,0x9dfc0000,0x9f040000)
  from space 2560K, 83% used [0x9f2c0000,0x9f4d7690,0x9f540000)
  to   space 2560K, 0% used [0x9f040000,0x9f040000,0x9f2c0000)
 ParOldGen       total 43520K, used 8K [0x73540000, 0x75fc0000, 0x9dfc0000)
  object space 43520K, 0% used [0x73540000,0x73542000,0x75fc0000)
 PSPermGen       total 16384K, used 4964K [0x63540000, 0x64540000, 0x73540000)
  object space 16384K, 30% used [0x63540000,0x63a190c0,0x64540000)
}

