# JRE version: Java(TM) SE Runtime Environment (7.0_67-b01) (build 1.7.0_67-b01)
# Java VM: Java HotSpot(TM) Server VM (24.65-b04 mixed mode linux-x86 )
Heap
 PSYoungGen      total 81664K, used 15045K [0xa8a40000, 0xaee80000, 0xb3500000)
  eden space 62208K, 0% used [0xa8a40000,0xa8a40000,0xac700000)
  from space 19456K, 77% used [0xada80000,0xae931628,0xaed80000)
  to   space 19968K, 0% used [0xac700000,0xac700000,0xada80000)
 ParOldGen       total 174848K, used 13968K [0x93500000, 0x9dfc0000, 0xa8a40000)
  object space 174848K, 7% used [0x93500000,0x942a4378,0x9dfc0000)
 PSPermGen       total 16384K, used 14912K [0x73500000, 0x74500000, 0x93500000)
  object space 16384K, 91% used [0x73500000,0x74390118,0x74500000)
GC Heap History (10 events):
Event: 31.424 GC heap after
Heap after GC invocations=4 (full 0):
 PSYoungGen      total 76800K, used 8285K [0xa8a40000, 0xadfc0000, 0xb3500000)
  eden space 66048K, 0% used [0xa8a40000,0xa8a40000,0xacac0000)
  from space 10752K, 77% used [0xad540000,0xadd57450,0xadfc0000)
  to   space 10752K, 0% used [0xacac0000,0xacac0000,0xad540000)
 ParOldGen       total 174848K, used 12K [0x93500000, 0x9dfc0000, 0xa8a40000)
  object space 174848K, 0% used [0x93500000,0x93503000,0x9dfc0000)
 PSPermGen       total 16384K, used 10550K [0x73500000, 0x74500000, 0x93500000)
  object space 16384K, 64% used [0x73500000,0x73f4d8c0,0x74500000)
}
Event: 41.488 GC heap before
{Heap before GC invocations=5 (full 0):
 PSYoungGen      total 76800K, used 74333K [0xa8a40000, 0xadfc0000, 0xb3500000)
  eden space 66048K, 100% used [0xa8a40000,0xacac0000,0xacac0000)
  from space 10752K, 77% used [0xad540000,0xadd57450,0xadfc0000)
  to   space 10752K, 0% used [0xacac0000,0xacac0000,0xad540000)
 ParOldGen       total 174848K, used 12K [0x93500000, 0x9dfc0000, 0xa8a40000)
  object space 174848K, 0% used [0x93500000,0x93503000,0x9dfc0000)
 PSPermGen       total 16384K, used 11431K [0x73500000, 0x74500000, 0x93500000)
  object space 16384K, 69% used [0x73500000,0x74029ce8,0x74500000)
Event: 41.501 GC heap after
Heap after GC invocations=5 (full 0):
 PSYoungGen      total 76800K, used 10738K [0xa8a40000, 0xadfc0000, 0xb3500000)
  eden space 66048K, 0% used [0xa8a40000,0xa8a40000,0xacac0000)
  from space 10752K, 99% used [0xacac0000,0xad53c868,0xad540000)
  to   space 10752K, 0% used [0xad540000,0xad540000,0xadfc0000)
 ParOldGen       total 174848K, used 325K [0x93500000, 0x9dfc0000, 0xa8a40000)
  object space 174848K, 0% used [0x93500000,0x93551768,0x9dfc0000)
 PSPermGen       total 16384K, used 11431K [0x73500000, 0x74500000, 0x93500000)
  object space 16384K, 69% used [0x73500000,0x74029ce8,0x74500000)
}
Event: 54.722 GC heap before
{Heap before GC invocations=6 (full 0):
 PSYoungGen      total 76800K, used 76786K [0xa8a40000, 0xadfc0000, 0xb3500000)
  eden space 66048K, 100% used [0xa8a40000,0xacac0000,0xacac0000)
  from space 10752K, 99% used [0xacac0000,0xad53c868,0xad540000)
  to   space 10752K, 0% used [0xad540000,0xad540000,0xadfc0000)
 ParOldGen       total 174848K, used 325K [0x93500000, 0x9dfc0000, 0xa8a40000)
  object space 174848K, 0% used [0x93500000,0x93551768,0x9dfc0000)
 PSPermGen       total 16384K, used 11708K [0x73500000, 0x74500000, 0x93500000)
  object space 16384K, 71% used [0x73500000,0x7406f348,0x74500000)
Event: 54.748 GC heap after
Heap after GC invocations=6 (full 0):
 PSYoungGen      total 75008K, used 10737K [0xa8a40000, 0xae1c0000, 0xb3500000)
  eden space 64256K, 0% used [0xa8a40000,0xa8a40000,0xac900000)
  from space 10752K, 99% used [0xad540000,0xadfbc440,0xadfc0000)
  to   space 12544K, 0% used [0xac900000,0xac900000,0xad540000)
 ParOldGen       total 174848K, used 1098K [0x93500000, 0x9dfc0000, 0xa8a40000)
  object space 174848K, 0% used [0x93500000,0x93612818,0x9dfc0000)
 PSPermGen       total 16384K, used 11708K [0x73500000, 0x74500000, 0x93500000)
  object space 16384K, 71% used [0x73500000,0x7406f348,0x74500000)
}
Event: 58.236 GC heap before
{Heap before GC invocations=7 (full 0):
 PSYoungGen      total 75008K, used 74993K [0xa8a40000, 0xae1c0000, 0xb3500000)
  eden space 64256K, 100% used [0xa8a40000,0xac900000,0xac900000)
  from space 10752K, 99% used [0xad540000,0xadfbc440,0xadfc0000)
  to   space 12544K, 0% used [0xac900000,0xac900000,0xad540000)
 ParOldGen       total 174848K, used 1098K [0x93500000, 0x9dfc0000, 0xa8a40000)
  object space 174848K, 0% used [0x93500000,0x93612818,0x9dfc0000)
 PSPermGen       total 16384K, used 14272K [0x73500000, 0x74500000, 0x93500000)
  object space 16384K, 87% used [0x73500000,0x742f0358,0x74500000)
Event: 58.265 GC heap after
Heap after GC invocations=7 (full 0):
 PSYoungGen      total 75264K, used 12534K [0xa8a40000, 0xaed80000, 0xb3500000)
  eden space 62720K, 0% used [0xa8a40000,0xa8a40000,0xac780000)
  from space 12544K, 99% used [0xac900000,0xad53d8d0,0xad540000)
  to   space 19456K, 0% used [0xada80000,0xada80000,0xaed80000)
 ParOldGen       total 174848K, used 12956K [0x93500000, 0x9dfc0000, 0xa8a40000)
  object space 174848K, 7% used [0x93500000,0x941a7378,0x9dfc0000)
 PSPermGen       total 16384K, used 14272K [0x73500000, 0x74500000, 0x93500000)
  object space 16384K, 87% used [0x73500000,0x742f0358,0x74500000)
}
Event: 59.035 GC heap before
{Heap before GC invocations=8 (full 0):
 PSYoungGen      total 75264K, used 42434K [0xa8a40000, 0xaed80000, 0xb3500000)
  eden space 62720K, 47% used [0xa8a40000,0xaa772fc0,0xac780000)
  from space 12544K, 99% used [0xac900000,0xad53d8d0,0xad540000)
  to   space 19456K, 0% used [0xada80000,0xada80000,0xaed80000)
 ParOldGen       total 174848K, used 12956K [0x93500000, 0x9dfc0000, 0xa8a40000)
  object space 174848K, 7% used [0x93500000,0x941a7378,0x9dfc0000)
 PSPermGen       total 16384K, used 14912K [0x73500000, 0x74500000, 0x93500000)
  object space 16384K, 91% used [0x73500000,0x74390118,0x74500000)
Event: 59.056 GC heap after
Heap after GC invocations=8 (full 0):
 PSYoungGen      total 81664K, used 15045K [0xa8a40000, 0xaee80000, 0xb3500000)
  eden space 62208K, 0% used [0xa8a40000,0xa8a40000,0xac700000)
  from space 19456K, 77% used [0xada80000,0xae931628,0xaed80000)
  to   space 19968K, 0% used [0xac700000,0xac700000,0xada80000)
 ParOldGen       total 174848K, used 13968K [0x93500000, 0x9dfc0000, 0xa8a40000)
  object space 174848K, 7% used [0x93500000,0x942a4378,0x9dfc0000)
 PSPermGen       total 16384K, used 14912K [0x73500000, 0x74500000, 0x93500000)
  object space 16384K, 91% used [0x73500000,0x74390118,0x74500000)
}
Event: 59.056 GC heap before
{Heap before GC invocations=9 (full 1):
 PSYoungGen      total 81664K, used 15045K [0xa8a40000, 0xaee80000, 0xb3500000)
  eden space 62208K, 0% used [0xa8a40000,0xa8a40000,0xac700000)
  from space 19456K, 77% used [0xada80000,0xae931628,0xaed80000)
  to   space 19968K, 0% used [0xac700000,0xac700000,0xada80000)
 ParOldGen       total 174848K, used 13968K [0x93500000, 0x9dfc0000, 0xa8a40000)
  object space 174848K, 7% used [0x93500000,0x942a4378,0x9dfc0000)
 PSPermGen       total 16384K, used 14912K [0x73500000, 0x74500000, 0x93500000)
  object space 16384K, 91% used [0x73500000,0x74390118,0x74500000)

