# JRE version: 7.0_25-b15
# Java VM: Java HotSpot(TM) Server VM (23.25-b01 mixed mode linux-x86 )
Heap
 PSYoungGen      total 35584K, used 28728K [0x9e0f0000, 0xa2490000, 0xb3640000)
  eden space 32896K, 81% used [0x9e0f0000,0x9fb226d8,0xa0110000)
  from space 2688K, 70% used [0xa03b0000,0xa058bcb8,0xa0650000)
  to   space 2688K, 0% used [0xa0110000,0xa0110000,0xa03b0000)
 ParOldGen       total 43712K, used 8K [0x73640000, 0x760f0000, 0x9e0f0000)
  object space 43712K, 0% used [0x73640000,0x73642000,0x760f0000)
 PSPermGen       total 16384K, used 5325K [0x6f640000, 0x70640000, 0x73640000)
  object space 16384K, 32% used [0x6f640000,0x6fb73790,0x70640000)
GC Heap History (8 events):
Event: 0.278 GC heap before
{Heap before GC invocations=1 (full 0):
 PSYoungGen      total 19136K, used 16448K [0x9e0f0000, 0x9f640000, 0xb3640000)
  eden space 16448K, 100% used [0x9e0f0000,0x9f100000,0x9f100000)
  from space 2688K, 0% used [0x9f3a0000,0x9f3a0000,0x9f640000)
  to   space 2688K, 0% used [0x9f100000,0x9f100000,0x9f3a0000)
 ParOldGen       total 43712K, used 0K [0x73640000, 0x760f0000, 0x9e0f0000)
  object space 43712K, 0% used [0x73640000,0x73640000,0x760f0000)
 PSPermGen       total 16384K, used 2337K [0x6f640000, 0x70640000, 0x73640000)
  object space 16384K, 14% used [0x6f640000,0x6f888450,0x70640000)
Event: 0.281 GC heap after
Heap after GC invocations=1 (full 0):
 PSYoungGen      total 19136K, used 1847K [0x9e0f0000, 0xa0650000, 0xb3640000)
  eden space 16448K, 0% used [0x9e0f0000,0x9e0f0000,0x9f100000)
  from space 2688K, 68% used [0x9f100000,0x9f2cdec0,0x9f3a0000)
  to   space 2688K, 0% used [0xa03b0000,0xa03b0000,0xa0650000)
 ParOldGen       total 43712K, used 4K [0x73640000, 0x760f0000, 0x9e0f0000)
  object space 43712K, 0% used [0x73640000,0x73641000,0x760f0000)
 PSPermGen       total 16384K, used 2337K [0x6f640000, 0x70640000, 0x73640000)
  object space 16384K, 14% used [0x6f640000,0x6f888450,0x70640000)
}
Event: 0.751 GC heap before
{Heap before GC invocations=2 (full 0):
 PSYoungGen      total 19136K, used 18295K [0x9e0f0000, 0xa0650000, 0xb3640000)
  eden space 16448K, 100% used [0x9e0f0000,0x9f100000,0x9f100000)
  from space 2688K, 68% used [0x9f100000,0x9f2cdec0,0x9f3a0000)
  to   space 2688K, 0% used [0xa03b0000,0xa03b0000,0xa0650000)
 ParOldGen       total 43712K, used 4K [0x73640000, 0x760f0000, 0x9e0f0000)
  object space 43712K, 0% used [0x73640000,0x73641000,0x760f0000)
 PSPermGen       total 16384K, used 3239K [0x6f640000, 0x70640000, 0x73640000)
  object space 16384K, 19% used [0x6f640000,0x6f969dd8,0x70640000)
Event: 0.755 GC heap after
Heap after GC invocations=2 (full 0):
 PSYoungGen      total 18176K, used 1665K [0x9e0f0000, 0xa0560000, 0xb3640000)
  eden space 16448K, 0% used [0x9e0f0000,0x9e0f0000,0x9f100000)
  from space 1728K, 96% used [0xa03b0000,0xa0550798,0xa0560000)
  to   space 2688K, 0% used [0xa0020000,0xa0020000,0xa02c0000)
 ParOldGen       total 43712K, used 8K [0x73640000, 0x760f0000, 0x9e0f0000)
  object space 43712K, 0% used [0x73640000,0x73642000,0x760f0000)
 PSPermGen       total 16384K, used 3239K [0x6f640000, 0x70640000, 0x73640000)
  object space 16384K, 19% used [0x6f640000,0x6f969dd8,0x70640000)
}
Event: 0.912 GC heap before
{Heap before GC invocations=3 (full 0):
 PSYoungGen      total 18176K, used 18113K [0x9e0f0000, 0xa0560000, 0xb3640000)
  eden space 16448K, 100% used [0x9e0f0000,0x9f100000,0x9f100000)
  from space 1728K, 96% used [0xa03b0000,0xa0550798,0xa0560000)
  to   space 2688K, 0% used [0xa0020000,0xa0020000,0xa02c0000)
 ParOldGen       total 43712K, used 8K [0x73640000, 0x760f0000, 0x9e0f0000)
  object space 43712K, 0% used [0x73640000,0x73642000,0x760f0000)
 PSPermGen       total 16384K, used 3530K [0x6f640000, 0x70640000, 0x73640000)
  object space 16384K, 21% used [0x6f640000,0x6f9b2a40,0x70640000)
Event: 0.915 GC heap after
Heap after GC invocations=3 (full 0):
 PSYoungGen      total 34624K, used 1495K [0x9e0f0000, 0xa0650000, 0xb3640000)
  eden space 31936K, 0% used [0x9e0f0000,0x9e0f0000,0xa0020000)
  from space 2688K, 55% used [0xa0020000,0xa0195fd8,0xa02c0000)
  to   space 2688K, 0% used [0xa03b0000,0xa03b0000,0xa0650000)
 ParOldGen       total 43712K, used 8K [0x73640000, 0x760f0000, 0x9e0f0000)
  object space 43712K, 0% used [0x73640000,0x73642000,0x760f0000)
 PSPermGen       total 16384K, used 3530K [0x6f640000, 0x70640000, 0x73640000)
  object space 16384K, 21% used [0x6f640000,0x6f9b2a40,0x70640000)
}
Event: 1.167 GC heap before
{Heap before GC invocations=4 (full 0):
 PSYoungGen      total 34624K, used 33431K [0x9e0f0000, 0xa0650000, 0xb3640000)
  eden space 31936K, 100% used [0x9e0f0000,0xa0020000,0xa0020000)
  from space 2688K, 55% used [0xa0020000,0xa0195fd8,0xa02c0000)
  to   space 2688K, 0% used [0xa03b0000,0xa03b0000,0xa0650000)
 ParOldGen       total 43712K, used 8K [0x73640000, 0x760f0000, 0x9e0f0000)
  object space 43712K, 0% used [0x73640000,0x73642000,0x760f0000)
 PSPermGen       total 16384K, used 4194K [0x6f640000, 0x70640000, 0x73640000)
  object space 16384K, 25% used [0x6f640000,0x6fa58b60,0x70640000)
Event: 1.169 GC heap after
Heap after GC invocations=4 (full 0):
 PSYoungGen      total 35584K, used 1903K [0x9e0f0000, 0xa2490000, 0xb3640000)
  eden space 32896K, 0% used [0x9e0f0000,0x9e0f0000,0xa0110000)
  from space 2688K, 70% used [0xa03b0000,0xa058bcb8,0xa0650000)
  to   space 2688K, 0% used [0xa0110000,0xa0110000,0xa03b0000)
 ParOldGen       total 43712K, used 8K [0x73640000, 0x760f0000, 0x9e0f0000)
  object space 43712K, 0% used [0x73640000,0x73642000,0x760f0000)
 PSPermGen       total 16384K, used 4194K [0x6f640000, 0x70640000, 0x73640000)
  object space 16384K, 25% used [0x6f640000,0x6fa58b60,0x70640000)
}

