# JRE version: Java(TM) SE Runtime Environment (7.0_67-b01) (build 1.7.0_67-b01)
# Java VM: Java HotSpot(TM) Server VM (24.65-b04 mixed mode linux-x86 )
Heap
 PSYoungGen      total 120576K, used 11596K [0xa8a80000, 0xb1a80000, 0xb3540000)
  eden space 95232K, 0% used [0xa8a80000,0xa8a80000,0xae780000)
  from space 25344K, 45% used [0xb01c0000,0xb0d13078,0xb1a80000)
  to   space 26112K, 0% used [0xae780000,0xae780000,0xb0100000)
 ParOldGen       total 174848K, used 32668K [0x93540000, 0x9e000000, 0xa8a80000)
  object space 174848K, 18% used [0x93540000,0x95527160,0x9e000000)
 PSPermGen       total 19968K, used 19896K [0x73540000, 0x748c0000, 0x93540000)
  object space 19968K, 99% used [0x73540000,0x748ae018,0x748c0000)
GC Heap History (10 events):
Event: 41.945 GC heap after
Heap after GC invocations=6 (full 0):
 PSYoungGen      total 74752K, used 11767K [0xa8a80000, 0xae180000, 0xb3540000)
  eden space 62976K, 0% used [0xa8a80000,0xa8a80000,0xac800000)
  from space 11776K, 99% used [0xad580000,0xae0fdc00,0xae100000)
  to   space 13056K, 0% used [0xac800000,0xac800000,0xad4c0000)
 ParOldGen       total 174848K, used 1584K [0x93540000, 0x9e000000, 0xa8a80000)
  object space 174848K, 0% used [0x93540000,0x936cc288,0x9e000000)
 PSPermGen       total 16384K, used 11718K [0x73540000, 0x74540000, 0x93540000)
  object space 16384K, 71% used [0x73540000,0x740b1af0,0x74540000)
}
Event: 43.798 GC heap before
{Heap before GC invocations=7 (full 0):
 PSYoungGen      total 74752K, used 74743K [0xa8a80000, 0xae180000, 0xb3540000)
  eden space 62976K, 100% used [0xa8a80000,0xac800000,0xac800000)
  from space 11776K, 99% used [0xad580000,0xae0fdc00,0xae100000)
  to   space 13056K, 0% used [0xac800000,0xac800000,0xad4c0000)
 ParOldGen       total 174848K, used 1584K [0x93540000, 0x9e000000, 0xa8a80000)
  object space 174848K, 0% used [0x93540000,0x936cc288,0x9e000000)
 PSPermGen       total 16384K, used 14273K [0x73540000, 0x74540000, 0x93540000)
  object space 16384K, 87% used [0x73540000,0x74330720,0x74540000)
Event: 43.831 GC heap after
Heap after GC invocations=7 (full 0):
 PSYoungGen      total 74496K, used 13044K [0xa8a80000, 0xaed80000, 0xb3540000)
  eden space 61440K, 0% used [0xa8a80000,0xa8a80000,0xac680000)
  from space 13056K, 99% used [0xac800000,0xad4bd048,0xad4c0000)
  to   space 19968K, 0% used [0xada00000,0xada00000,0xaed80000)
 ParOldGen       total 174848K, used 13280K [0x93540000, 0x9e000000, 0xa8a80000)
  object space 174848K, 7% used [0x93540000,0x94238268,0x9e000000)
 PSPermGen       total 16384K, used 14273K [0x73540000, 0x74540000, 0x93540000)
  object space 16384K, 87% used [0x73540000,0x74330720,0x74540000)
}
Event: 44.896 GC heap before
{Heap before GC invocations=8 (full 0):
 PSYoungGen      total 74496K, used 74484K [0xa8a80000, 0xaed80000, 0xb3540000)
  eden space 61440K, 100% used [0xa8a80000,0xac680000,0xac680000)
  from space 13056K, 99% used [0xac800000,0xad4bd048,0xad4c0000)
  to   space 19968K, 0% used [0xada00000,0xada00000,0xaed80000)
 ParOldGen       total 174848K, used 13280K [0x93540000, 0x9e000000, 0xa8a80000)
  object space 174848K, 7% used [0x93540000,0x94238268,0x9e000000)
 PSPermGen       total 17152K, used 16929K [0x73540000, 0x74600000, 0x93540000)
  object space 17152K, 98% used [0x73540000,0x745c8528,0x74600000)
Event: 44.924 GC heap after
Heap after GC invocations=8 (full 0):
 PSYoungGen      total 79360K, used 19253K [0xa8a80000, 0xb2d80000, 0xb3540000)
  eden space 59392K, 0% used [0xa8a80000,0xa8a80000,0xac480000)
  from space 19968K, 96% used [0xada00000,0xaeccd480,0xaed80000)
  to   space 22016K, 0% used [0xac480000,0xac480000,0xada00000)
 ParOldGen       total 174848K, used 14400K [0x93540000, 0x9e000000, 0xa8a80000)
  object space 174848K, 8% used [0x93540000,0x94350268,0x9e000000)
 PSPermGen       total 17152K, used 16929K [0x73540000, 0x74600000, 0x93540000)
  object space 17152K, 98% used [0x73540000,0x745c8528,0x74600000)
}
Event: 46.558 GC heap before
{Heap before GC invocations=9 (full 0):
 PSYoungGen      total 79360K, used 78645K [0xa8a80000, 0xb2d80000, 0xb3540000)
  eden space 59392K, 100% used [0xa8a80000,0xac480000,0xac480000)
  from space 19968K, 96% used [0xada00000,0xaeccd480,0xaed80000)
  to   space 22016K, 0% used [0xac480000,0xac480000,0xada00000)
 ParOldGen       total 174848K, used 14400K [0x93540000, 0x9e000000, 0xa8a80000)
  object space 174848K, 8% used [0x93540000,0x94350268,0x9e000000)
 PSPermGen       total 18688K, used 18673K [0x73540000, 0x74780000, 0x93540000)
  object space 18688K, 99% used [0x73540000,0x7477c750,0x74780000)
Event: 46.582 GC heap after
Heap after GC invocations=9 (full 0):
 PSYoungGen      total 81408K, used 22000K [0xa8a80000, 0xb1c00000, 0xb3540000)
  eden space 59392K, 0% used [0xa8a80000,0xa8a80000,0xac480000)
  from space 22016K, 99% used [0xac480000,0xad9fc2c0,0xada00000)
  to   space 26880K, 0% used [0xb01c0000,0xb01c0000,0xb1c00000)
 ParOldGen       total 174848K, used 19712K [0x93540000, 0x9e000000, 0xa8a80000)
  object space 174848K, 11% used [0x93540000,0x94880070,0x9e000000)
 PSPermGen       total 18688K, used 18673K [0x73540000, 0x74780000, 0x93540000)
  object space 18688K, 99% used [0x73540000,0x7477c750,0x74780000)
}
Event: 58.833 GC heap before
{Heap before GC invocations=10 (full 0):
 PSYoungGen      total 81408K, used 67821K [0xa8a80000, 0xb1c00000, 0xb3540000)
  eden space 59392K, 77% used [0xa8a80000,0xab73f380,0xac480000)
  from space 22016K, 99% used [0xac480000,0xad9fc2c0,0xada00000)
  to   space 26880K, 0% used [0xb01c0000,0xb01c0000,0xb1c00000)
 ParOldGen       total 174848K, used 19712K [0x93540000, 0x9e000000, 0xa8a80000)
  object space 174848K, 11% used [0x93540000,0x94880070,0x9e000000)
 PSPermGen       total 19968K, used 19896K [0x73540000, 0x748c0000, 0x93540000)
  object space 19968K, 99% used [0x73540000,0x748ae018,0x748c0000)
Event: 58.857 GC heap after
Heap after GC invocations=10 (full 0):
 PSYoungGen      total 120576K, used 11596K [0xa8a80000, 0xb1a80000, 0xb3540000)
  eden space 95232K, 0% used [0xa8a80000,0xa8a80000,0xae780000)
  from space 25344K, 45% used [0xb01c0000,0xb0d13078,0xb1a80000)
  to   space 26112K, 0% used [0xae780000,0xae780000,0xb0100000)
 ParOldGen       total 174848K, used 32668K [0x93540000, 0x9e000000, 0xa8a80000)
  object space 174848K, 18% used [0x93540000,0x95527160,0x9e000000)
 PSPermGen       total 19968K, used 19896K [0x73540000, 0x748c0000, 0x93540000)
  object space 19968K, 99% used [0x73540000,0x748ae018,0x748c0000)
}
Event: 58.857 GC heap before
{Heap before GC invocations=11 (full 1):
 PSYoungGen      total 120576K, used 11596K [0xa8a80000, 0xb1a80000, 0xb3540000)
  eden space 95232K, 0% used [0xa8a80000,0xa8a80000,0xae780000)
  from space 25344K, 45% used [0xb01c0000,0xb0d13078,0xb1a80000)
  to   space 26112K, 0% used [0xae780000,0xae780000,0xb0100000)
 ParOldGen       total 174848K, used 32668K [0x93540000, 0x9e000000, 0xa8a80000)
  object space 174848K, 18% used [0x93540000,0x95527160,0x9e000000)
 PSPermGen       total 19968K, used 19896K [0x73540000, 0x748c0000, 0x93540000)
  object space 19968K, 99% used [0x73540000,0x748ae018,0x748c0000)

