-------------------------------------------------------------------------------
Test set: com.beehyv.tama.edit.PillRegimenApp
-------------------------------------------------------------------------------
Tests run: 1, Failures: 0, Errors: 1, Skipped: 0, Time elapsed: 20.922 sec <<< FAILURE!
test(com.beehyv.tama.edit.PillRegimenApp)  Time elapsed: 20.464 sec  <<< ERROR!
java.lang.IllegalStateException: Failed to load ApplicationContext
	at org.springframework.test.context.TestContext.getApplicationContext(TestContext.java:157)
	at org.springframework.test.context.support.DependencyInjectionTestExecutionListener.injectDependencies(DependencyInjectionTestExecutionListener.java:109)
	at org.springframework.test.context.support.DependencyInjectionTestExecutionListener.prepareTestInstance(DependencyInjectionTestExecutionListener.java:75)
	at org.springframework.test.context.TestContextManager.prepareTestInstance(TestContextManager.java:321)
	at org.springframework.test.context.junit4.SpringJUnit4ClassRunner.createTest(SpringJUnit4ClassRunner.java:211)
	at org.springframework.test.context.junit4.SpringJUnit4ClassRunner$1.runReflectiveCall(SpringJUnit4ClassRunner.java:288)
	at org.junit.internal.runners.model.ReflectiveCallable.run(ReflectiveCallable.java:15)
	at org.springframework.test.context.junit4.SpringJUnit4ClassRunner.methodBlock(SpringJUnit4ClassRunner.java:290)
	at org.springframework.test.context.junit4.SpringJUnit4ClassRunner.runChild(SpringJUnit4ClassRunner.java:231)
	at org.junit.runners.BlockJUnit4ClassRunner.runChild(BlockJUnit4ClassRunner.java:47)
	at org.junit.runners.ParentRunner$3.run(ParentRunner.java:231)
	at org.junit.runners.ParentRunner$1.schedule(ParentRunner.java:60)
	at org.junit.runners.ParentRunner.runChildren(ParentRunner.java:229)
	at org.junit.runners.ParentRunner.access$000(ParentRunner.java:50)
	at org.junit.runners.ParentRunner$2.evaluate(ParentRunner.java:222)
	at org.springframework.test.context.junit4.statements.RunBeforeTestClassCallbacks.evaluate(RunBeforeTestClassCallbacks.java:61)
	at org.springframework.test.context.junit4.statements.RunAfterTestClassCallbacks.evaluate(RunAfterTestClassCallbacks.java:71)
	at org.junit.runners.ParentRunner.run(ParentRunner.java:300)
	at org.springframework.test.context.junit4.SpringJUnit4ClassRunner.run(SpringJUnit4ClassRunner.java:174)
	at org.apache.maven.surefire.junit4.JUnit4Provider.execute(JUnit4Provider.java:236)
	at org.apache.maven.surefire.junit4.JUnit4Provider.executeTestSet(JUnit4Provider.java:134)
	at org.apache.maven.surefire.junit4.JUnit4Provider.invoke(JUnit4Provider.java:113)
	at sun.reflect.NativeMethodAccessorImpl.invoke0(Native Method)
	at sun.reflect.NativeMethodAccessorImpl.invoke(NativeMethodAccessorImpl.java:57)
	at sun.reflect.DelegatingMethodAccessorImpl.invoke(DelegatingMethodAccessorImpl.java:43)
	at java.lang.reflect.Method.invoke(Method.java:606)
	at org.apache.maven.surefire.util.ReflectionUtils.invokeMethodWithArray(ReflectionUtils.java:189)
	at org.apache.maven.surefire.booter.ProviderFactory$ProviderProxy.invoke(ProviderFactory.java:165)
	at org.apache.maven.surefire.booter.ProviderFactory.invokeProvider(ProviderFactory.java:85)
	at org.apache.maven.surefire.booter.ForkedBooter.runSuitesInProcess(ForkedBooter.java:103)
	at org.apache.maven.surefire.booter.ForkedBooter.main(ForkedBooter.java:74)
Caused by: org.springframework.beans.factory.BeanCreationException: Error creating bean with name 'editPatientIdInPatientsDoc': Injection of autowired dependencies failed; nested exception is org.springframework.beans.factory.BeanCreationException: Could not autowire field: private org.motechproject.tama.patient.repository.AllPatients com.beehyv.tama.patient.repository.EditPatientIdInPatientsDoc.allPatients; nested exception is org.springframework.beans.factory.UnsatisfiedDependencyException: Error creating bean with name 'allPatients' defined in URL [jar:file:/home/abhinav/.m2/repository/org/motechproject/tama/tama.patient/0.7-SNAPSHOT/tama.patient-0.7-SNAPSHOT.jar!/org/motechproject/tama/patient/repository/AllPatients.class]: Unsatisfied dependency expressed through constructor argument with index 3 of type [org.motechproject.tama.refdata.objectcache.AllIVRLanguagesCache]: : Error creating bean with name 'allIVRLanguagesCache' defined in URL [jar:file:/home/abhinav/.m2/repository/org/motechproject/tama/tama.refdata/0.7-SNAPSHOT/tama.refdata-0.7-SNAPSHOT.jar!/org/motechproject/tama/refdata/objectcache/AllIVRLanguagesCache.class]: Instantiation of bean failed; nested exception is org.springframework.beans.BeanInstantiationException: Could not instantiate bean class [org.motechproject.tama.refdata.objectcache.AllIVRLanguagesCache]: Constructor threw exception; nested exception is org.ektorp.DbAccessException: java.net.SocketTimeoutException: Read timed out; nested exception is org.springframework.beans.factory.BeanCreationException: Error creating bean with name 'allIVRLanguagesCache' defined in URL [jar:file:/home/abhinav/.m2/repository/org/motechproject/tama/tama.refdata/0.7-SNAPSHOT/tama.refdata-0.7-SNAPSHOT.jar!/org/motechproject/tama/refdata/objectcache/AllIVRLanguagesCache.class]: Instantiation of bean failed; nested exception is org.springframework.beans.BeanInstantiationException: Could not instantiate bean class [org.motechproject.tama.refdata.objectcache.AllIVRLanguagesCache]: Constructor threw exception; nested exception is org.ektorp.DbAccessException: java.net.SocketTimeoutException: Read timed out
	at org.springframework.beans.factory.annotation.AutowiredAnnotationBeanPostProcessor.postProcessPropertyValues(AutowiredAnnotationBeanPostProcessor.java:287)
	at org.springframework.beans.factory.support.AbstractAutowireCapableBeanFactory.populateBean(AbstractAutowireCapableBeanFactory.java:1106)
	at org.springframework.beans.factory.support.AbstractAutowireCapableBeanFactory.doCreateBean(AbstractAutowireCapableBeanFactory.java:517)
	at org.springframework.beans.factory.support.AbstractAutowireCapableBeanFactory.createBean(AbstractAutowireCapableBeanFactory.java:456)
	at org.springframework.beans.factory.support.AbstractBeanFactory$1.getObject(AbstractBeanFactory.java:294)
	at org.springframework.beans.factory.support.DefaultSingletonBeanRegistry.getSingleton(DefaultSingletonBeanRegistry.java:225)
	at org.springframework.beans.factory.support.AbstractBeanFactory.doGetBean(AbstractBeanFactory.java:291)
	at org.springframework.beans.factory.support.AbstractBeanFactory.getBean(AbstractBeanFactory.java:193)
	at org.springframework.beans.factory.support.DefaultListableBeanFactory.preInstantiateSingletons(DefaultListableBeanFactory.java:609)
	at org.springframework.context.support.AbstractApplicationContext.finishBeanFactoryInitialization(AbstractApplicationContext.java:918)
	at org.springframework.context.support.AbstractApplicationContext.refresh(AbstractApplicationContext.java:469)
	at org.springframework.test.context.support.AbstractGenericContextLoader.loadContext(AbstractGenericContextLoader.java:103)
	at org.springframework.test.context.support.AbstractGenericContextLoader.loadContext(AbstractGenericContextLoader.java:1)
	at org.springframework.test.context.support.DelegatingSmartContextLoader.loadContext(DelegatingSmartContextLoader.java:228)
	at org.springframework.test.context.TestContext.loadApplicationContext(TestContext.java:124)
	at org.springframework.test.context.TestContext.getApplicationContext(TestContext.java:148)
	... 30 more
Caused by: org.springframework.beans.factory.BeanCreationException: Could not autowire field: private org.motechproject.tama.patient.repository.AllPatients com.beehyv.tama.patient.repository.EditPatientIdInPatientsDoc.allPatients; nested exception is org.springframework.beans.factory.UnsatisfiedDependencyException: Error creating bean with name 'allPatients' defined in URL [jar:file:/home/abhinav/.m2/repository/org/motechproject/tama/tama.patient/0.7-SNAPSHOT/tama.patient-0.7-SNAPSHOT.jar!/org/motechproject/tama/patient/repository/AllPatients.class]: Unsatisfied dependency expressed through constructor argument with index 3 of type [org.motechproject.tama.refdata.objectcache.AllIVRLanguagesCache]: : Error creating bean with name 'allIVRLanguagesCache' defined in URL [jar:file:/home/abhinav/.m2/repository/org/motechproject/tama/tama.refdata/0.7-SNAPSHOT/tama.refdata-0.7-SNAPSHOT.jar!/org/motechproject/tama/refdata/objectcache/AllIVRLanguagesCache.class]: Instantiation of bean failed; nested exception is org.springframework.beans.BeanInstantiationException: Could not instantiate bean class [org.motechproject.tama.refdata.objectcache.AllIVRLanguagesCache]: Constructor threw exception; nested exception is org.ektorp.DbAccessException: java.net.SocketTimeoutException: Read timed out; nested exception is org.springframework.beans.factory.BeanCreationException: Error creating bean with name 'allIVRLanguagesCache' defined in URL [jar:file:/home/abhinav/.m2/repository/org/motechproject/tama/tama.refdata/0.7-SNAPSHOT/tama.refdata-0.7-SNAPSHOT.jar!/org/motechproject/tama/refdata/objectcache/AllIVRLanguagesCache.class]: Instantiation of bean failed; nested exception is org.springframework.beans.BeanInstantiationException: Could not instantiate bean class [org.motechproject.tama.refdata.objectcache.AllIVRLanguagesCache]: Constructor threw exception; nested exception is org.ektorp.DbAccessException: java.net.SocketTimeoutException: Read timed out
	at org.springframework.beans.factory.annotation.AutowiredAnnotationBeanPostProcessor$AutowiredFieldElement.inject(AutowiredAnnotationBeanPostProcessor.java:506)
	at org.springframework.beans.factory.annotation.InjectionMetadata.inject(InjectionMetadata.java:87)
	at org.springframework.beans.factory.annotation.AutowiredAnnotationBeanPostProcessor.postProcessPropertyValues(AutowiredAnnotationBeanPostProcessor.java:284)
	... 45 more
Caused by: org.springframework.beans.factory.UnsatisfiedDependencyException: Error creating bean with name 'allPatients' defined in URL [jar:file:/home/abhinav/.m2/repository/org/motechproject/tama/tama.patient/0.7-SNAPSHOT/tama.patient-0.7-SNAPSHOT.jar!/org/motechproject/tama/patient/repository/AllPatients.class]: Unsatisfied dependency expressed through constructor argument with index 3 of type [org.motechproject.tama.refdata.objectcache.AllIVRLanguagesCache]: : Error creating bean with name 'allIVRLanguagesCache' defined in URL [jar:file:/home/abhinav/.m2/repository/org/motechproject/tama/tama.refdata/0.7-SNAPSHOT/tama.refdata-0.7-SNAPSHOT.jar!/org/motechproject/tama/refdata/objectcache/AllIVRLanguagesCache.class]: Instantiation of bean failed; nested exception is org.springframework.beans.BeanInstantiationException: Could not instantiate bean class [org.motechproject.tama.refdata.objectcache.AllIVRLanguagesCache]: Constructor threw exception; nested exception is org.ektorp.DbAccessException: java.net.SocketTimeoutException: Read timed out; nested exception is org.springframework.beans.factory.BeanCreationException: Error creating bean with name 'allIVRLanguagesCache' defined in URL [jar:file:/home/abhinav/.m2/repository/org/motechproject/tama/tama.refdata/0.7-SNAPSHOT/tama.refdata-0.7-SNAPSHOT.jar!/org/motechproject/tama/refdata/objectcache/AllIVRLanguagesCache.class]: Instantiation of bean failed; nested exception is org.springframework.beans.BeanInstantiationException: Could not instantiate bean class [org.motechproject.tama.refdata.objectcache.AllIVRLanguagesCache]: Constructor threw exception; nested exception is org.ektorp.DbAccessException: java.net.SocketTimeoutException: Read timed out
	at org.springframework.beans.factory.support.ConstructorResolver.createArgumentArray(ConstructorResolver.java:730)
	at org.springframework.beans.factory.support.ConstructorResolver.autowireConstructor(ConstructorResolver.java:196)
	at org.springframework.beans.factory.support.AbstractAutowireCapableBeanFactory.autowireConstructor(AbstractAutowireCapableBeanFactory.java:1035)
	at org.springframework.beans.factory.support.AbstractAutowireCapableBeanFactory.createBeanInstance(AbstractAutowireCapableBeanFactory.java:939)
	at org.springframework.beans.factory.support.AbstractAutowireCapableBeanFactory.doCreateBean(AbstractAutowireCapableBeanFactory.java:485)
	at org.springframework.beans.factory.support.AbstractAutowireCapableBeanFactory.createBean(AbstractAutowireCapableBeanFactory.java:456)
	at org.springframework.beans.factory.support.AbstractBeanFactory$1.getObject(AbstractBeanFactory.java:294)
	at org.springframework.beans.factory.support.DefaultSingletonBeanRegistry.getSingleton(DefaultSingletonBeanRegistry.java:225)
	at org.springframework.beans.factory.support.AbstractBeanFactory.doGetBean(AbstractBeanFactory.java:291)
	at org.springframework.beans.factory.support.AbstractBeanFactory.getBean(AbstractBeanFactory.java:193)
	at org.springframework.beans.factory.support.DefaultListableBeanFactory.findAutowireCandidates(DefaultListableBeanFactory.java:876)
	at org.springframework.beans.factory.support.DefaultListableBeanFactory.doResolveDependency(DefaultListableBeanFactory.java:818)
	at org.springframework.beans.factory.support.DefaultListableBeanFactory.resolveDependency(DefaultListableBeanFactory.java:735)
	at org.springframework.beans.factory.annotation.AutowiredAnnotationBeanPostProcessor$AutowiredFieldElement.inject(AutowiredAnnotationBeanPostProcessor.java:478)
	... 47 more
Caused by: org.springframework.beans.factory.BeanCreationException: Error creating bean with name 'allIVRLanguagesCache' defined in URL [jar:file:/home/abhinav/.m2/repository/org/motechproject/tama/tama.refdata/0.7-SNAPSHOT/tama.refdata-0.7-SNAPSHOT.jar!/org/motechproject/tama/refdata/objectcache/AllIVRLanguagesCache.class]: Instantiation of bean failed; nested exception is org.springframework.beans.BeanInstantiationException: Could not instantiate bean class [org.motechproject.tama.refdata.objectcache.AllIVRLanguagesCache]: Constructor threw exception; nested exception is org.ektorp.DbAccessException: java.net.SocketTimeoutException: Read timed out
	at org.springframework.beans.factory.support.ConstructorResolver.autowireConstructor(ConstructorResolver.java:288)
	at org.springframework.beans.factory.support.AbstractAutowireCapableBeanFactory.autowireConstructor(AbstractAutowireCapableBeanFactory.java:1035)
	at org.springframework.beans.factory.support.AbstractAutowireCapableBeanFactory.createBeanInstance(AbstractAutowireCapableBeanFactory.java:939)
	at org.springframework.beans.factory.support.AbstractAutowireCapableBeanFactory.doCreateBean(AbstractAutowireCapableBeanFactory.java:485)
	at org.springframework.beans.factory.support.AbstractAutowireCapableBeanFactory.createBean(AbstractAutowireCapableBeanFactory.java:456)
	at org.springframework.beans.factory.support.AbstractBeanFactory$1.getObject(AbstractBeanFactory.java:294)
	at org.springframework.beans.factory.support.DefaultSingletonBeanRegistry.getSingleton(DefaultSingletonBeanRegistry.java:225)
	at org.springframework.beans.factory.support.AbstractBeanFactory.doGetBean(AbstractBeanFactory.java:291)
	at org.springframework.beans.factory.support.AbstractBeanFactory.getBean(AbstractBeanFactory.java:193)
	at org.springframework.beans.factory.support.DefaultListableBeanFactory.findAutowireCandidates(DefaultListableBeanFactory.java:876)
	at org.springframework.beans.factory.support.DefaultListableBeanFactory.doResolveDependency(DefaultListableBeanFactory.java:818)
	at org.springframework.beans.factory.support.DefaultListableBeanFactory.resolveDependency(DefaultListableBeanFactory.java:735)
	at org.springframework.beans.factory.support.ConstructorResolver.resolveAutowiredArgument(ConstructorResolver.java:795)
	at org.springframework.beans.factory.support.ConstructorResolver.createArgumentArray(ConstructorResolver.java:723)
	... 60 more
Caused by: org.springframework.beans.BeanInstantiationException: Could not instantiate bean class [org.motechproject.tama.refdata.objectcache.AllIVRLanguagesCache]: Constructor threw exception; nested exception is org.ektorp.DbAccessException: java.net.SocketTimeoutException: Read timed out
	at org.springframework.beans.BeanUtils.instantiateClass(BeanUtils.java:162)
	at org.springframework.beans.factory.support.SimpleInstantiationStrategy.instantiate(SimpleInstantiationStrategy.java:110)
	at org.springframework.beans.factory.support.ConstructorResolver.autowireConstructor(ConstructorResolver.java:280)
	... 73 more
Caused by: org.ektorp.DbAccessException: java.net.SocketTimeoutException: Read timed out
	at org.ektorp.util.Exceptions.propagate(Exceptions.java:19)
	at org.ektorp.http.StdHttpClient.executeRequest(StdHttpClient.java:145)
	at org.ektorp.http.StdHttpClient.getUncached(StdHttpClient.java:72)
	at org.ektorp.http.RestTemplate.getUncached(RestTemplate.java:26)
	at org.ektorp.impl.StdCouchDbConnector.executeQuery(StdCouchDbConnector.java:410)
	at org.ektorp.impl.StdCouchDbConnector.queryView(StdCouchDbConnector.java:404)
	at org.ektorp.support.CouchDbRepositorySupport.queryView(CouchDbRepositorySupport.java:230)
	at org.ektorp.support.CouchDbRepositorySupport.getAll(CouchDbRepositorySupport.java:92)
	at org.motechproject.dao.MotechBaseRepository.getAll(MotechBaseRepository.java:66)
	at org.motechproject.tama.refdata.objectcache.Cachable.getAllFromRepository(Cachable.java:47)
	at org.motechproject.tama.refdata.objectcache.Cachable.populateObjectMap(Cachable.java:41)
	at org.motechproject.tama.refdata.objectcache.Cachable.<init>(Cachable.java:13)
	at org.motechproject.tama.refdata.objectcache.AllIVRLanguagesCache.<init>(AllIVRLanguagesCache.java:16)
	at sun.reflect.NativeConstructorAccessorImpl.newInstance0(Native Method)
	at sun.reflect.NativeConstructorAccessorImpl.newInstance(NativeConstructorAccessorImpl.java:57)
	at sun.reflect.DelegatingConstructorAccessorImpl.newInstance(DelegatingConstructorAccessorImpl.java:45)
	at java.lang.reflect.Constructor.newInstance(Constructor.java:526)
	at org.springframework.beans.BeanUtils.instantiateClass(BeanUtils.java:147)
	... 75 more
Caused by: java.net.SocketTimeoutException: Read timed out
	at java.net.SocketInputStream.socketRead0(Native Method)
	at java.net.SocketInputStream.read(SocketInputStream.java:150)
	at java.net.SocketInputStream.read(SocketInputStream.java:121)
	at org.apache.http.impl.io.AbstractSessionInputBuffer.fillBuffer(AbstractSessionInputBuffer.java:166)
	at org.apache.http.impl.io.SocketInputBuffer.fillBuffer(SocketInputBuffer.java:90)
	at org.apache.http.impl.io.AbstractSessionInputBuffer.readLine(AbstractSessionInputBuffer.java:281)
	at org.apache.http.impl.conn.DefaultHttpResponseParser.parseHead(DefaultHttpResponseParser.java:92)
	at org.apache.http.impl.conn.DefaultHttpResponseParser.parseHead(DefaultHttpResponseParser.java:62)
	at org.apache.http.impl.io.AbstractMessageParser.parse(AbstractMessageParser.java:254)
	at org.apache.http.impl.AbstractHttpClientConnection.receiveResponseHeader(AbstractHttpClientConnection.java:289)
	at org.apache.http.impl.conn.DefaultClientConnection.receiveResponseHeader(DefaultClientConnection.java:252)
	at org.apache.http.impl.conn.AbstractClientConnAdapter.receiveResponseHeader(AbstractClientConnAdapter.java:219)
	at org.apache.http.protocol.HttpRequestExecutor.doReceiveResponse(HttpRequestExecutor.java:300)
	at org.apache.http.protocol.HttpRequestExecutor.execute(HttpRequestExecutor.java:127)
	at org.apache.http.impl.client.DefaultRequestDirector.tryExecute(DefaultRequestDirector.java:712)
	at org.apache.http.impl.client.DefaultRequestDirector.execute(DefaultRequestDirector.java:517)
	at org.apache.http.impl.client.AbstractHttpClient.execute(AbstractHttpClient.java:906)
	at org.apache.http.impl.client.AbstractHttpClient.execute(AbstractHttpClient.java:805)
	at org.apache.http.impl.client.AbstractHttpClient.execute(AbstractHttpClient.java:784)
	at org.ektorp.http.StdHttpClient.executeRequest(StdHttpClient.java:134)
	... 91 more
